0 info it worked if it ends with ok
1 verbose cli [ '/home/ubuntu/.nvm/v0.10.27/bin/node',
1 verbose cli   '/home/ubuntu/.nvm/v0.10.27/bin/npm',
1 verbose cli   'start' ]
2 info using npm@1.4.8
3 info using node@v0.10.27
4 verbose run-script [ 'prestart', 'start', 'poststart' ]
5 info prestart node-js-getting-started@0.1.2
6 info start node-js-getting-started@0.1.2
7 verbose unsafe-perm in lifecycle true
8 info node-js-getting-started@0.1.2 Failed to exec start script
9 error node-js-getting-started@0.1.2 start: `node index.js`
9 error Exit status 8
10 error Failed at the node-js-getting-started@0.1.2 start script.
10 error This is most likely a problem with the node-js-getting-started package,
10 error not with npm itself.
10 error Tell the author that this fails on your system:
10 error     node index.js
10 error You can get their info via:
10 error     npm owner ls node-js-getting-started
10 error There is likely additional logging output above.
11 error System Linux 3.13.0-36-generic
12 error command "/home/ubuntu/.nvm/v0.10.27/bin/node" "/home/ubuntu/.nvm/v0.10.27/bin/npm" "start"
13 error cwd /home/ubuntu/bitstarter
14 error node -v v0.10.27
15 error npm -v 1.4.8
16 error code ELIFECYCLE
17 verbose exit [ 1, true ]
